{
  "RSpec": {
    "coverage": {
      "/Users/Shared/global_projects/web_applications/wa_avionschool/avion_codes/code_projects/projify-be/spec/mailers/auth_mailer_spec.rb": {
        "lines": [
          1,
          null,
          1,
          null,
          null
        ]
      },
      "/Users/Shared/global_projects/web_applications/wa_avionschool/avion_codes/code_projects/projify-be/spec/rails_helper.rb": {
        "lines": [
          null,
          1,
          1,
          1,
          null,
          1,
          1,
          null,
          null,
          null,
          null,
          null,
          null,
          null,
          null,
          null,
          null,
          null,
          null,
          null,
          null,
          null,
          null,
          null,
          null,
          null,
          null,
          1,
          null,
          0,
          null,
          1,
          1,
          null,
          1,
          null,
          null,
          null,
          null,
          1,
          null,
          null,
          null,
          null,
          null,
          null,
          null,
          null,
          null,
          null,
          null,
          null,
          null,
          null,
          null,
          null,
          null,
          1,
          null,
          null,
          1,
          null,
          null,
          null
        ]
      },
      "/Users/Shared/global_projects/web_applications/wa_avionschool/avion_codes/code_projects/projify-be/config/environment.rb": {
        "lines": [
          null,
          1,
          null,
          null,
          1
        ]
      },
      "/Users/Shared/global_projects/web_applications/wa_avionschool/avion_codes/code_projects/projify-be/config/application.rb": {
        "lines": [
          1,
          null,
          1,
          null,
          1,
          1,
          1,
          1,
          1,
          1,
          1,
          1,
          1,
          1,
          null,
          null,
          null,
          null,
          1,
          null,
          1,
          1,
          null,
          1,
          null,
          null,
          null,
          null,
          null,
          null,
          null,
          null,
          null,
          null,
          null,
          null,
          1,
          null,
          null
        ]
      },
      "/Users/Shared/global_projects/web_applications/wa_avionschool/avion_codes/code_projects/projify-be/config/boot.rb": {
        "lines": [
          1,
          null,
          1,
          1
        ]
      },
      "/Users/Shared/global_projects/web_applications/wa_avionschool/avion_codes/code_projects/projify-be/config/environments/test.rb": {
        "lines": [
          1,
          null,
          null,
          null,
          null,
          null,
          null,
          1,
          null,
          null,
          null,
          1,
          null,
          null,
          null,
          null,
          1,
          null,
          null,
          1,
          1,
          null,
          null,
          null,
          null,
          1,
          1,
          1,
          null,
          null,
          1,
          null,
          null,
          1,
          null,
          null,
          1,
          null,
          1,
          null,
          null,
          null,
          null,
          1,
          null,
          null,
          1,
          null,
          null,
          1,
          null,
          null,
          1,
          null,
          null,
          null,
          null,
          null,
          null,
          null
        ]
      },
      "/Users/Shared/global_projects/web_applications/wa_avionschool/avion_codes/code_projects/projify-be/config/initializers/cors.rb": {
        "lines": [
          null,
          null,
          null,
          null,
          null,
          null,
          null,
          1,
          1,
          1,
          null,
          1,
          null,
          null,
          null,
          null,
          null
        ]
      },
      "/Users/Shared/global_projects/web_applications/wa_avionschool/avion_codes/code_projects/projify-be/config/initializers/devise.rb": {
        "lines": [
          null,
          null,
          null,
          null,
          null,
          null,
          null,
          null,
          null,
          null,
          1,
          null,
          null,
          null,
          null,
          null,
          null,
          null,
          null,
          null,
          null,
          null,
          null,
          null,
          null,
          null,
          1,
          null,
          null,
          null,
          null,
          null,
          null,
          null,
          null,
          null,
          null,
          null,
          1,
          null,
          null,
          null,
          null,
          null,
          null,
          null,
          null,
          null,
          null,
          null,
          null,
          null,
          null,
          null,
          null,
          null,
          null,
          null,
          null,
          null,
          1,
          null,
          null,
          null,
          null,
          1,
          null,
          null,
          null,
          null,
          null,
          null,
          null,
          null,
          null,
          null,
          null,
          null,
          null,
          null,
          null,
          null,
          null,
          null,
          null,
          null,
          null,
          null,
          null,
          null,
          null,
          null,
          null,
          null,
          null,
          null,
          null,
          null,
          null,
          1,
          null,
          null,
          null,
          null,
          null,
          null,
          null,
          null,
          null,
          null,
          null,
          null,
          null,
          null,
          null,
          null,
          null,
          null,
          null,
          null,
          null,
          null,
          null,
          null,
          null,
          1,
          null,
          null,
          null,
          null,
          null,
          null,
          null,
          null,
          null,
          null,
          null,
          null,
          null,
          null,
          null,
          null,
          null,
          null,
          null,
          null,
          null,
          null,
          null,
          null,
          null,
          null,
          null,
          null,
          null,
          null,
          null,
          null,
          null,
          1,
          null,
          null,
          null,
          null,
          null,
          null,
          null,
          null,
          null,
          1,
          null,
          null,
          null,
          null,
          null,
          null,
          null,
          null,
          null,
          null,
          1,
          null,
          null,
          null,
          null,
          1,
          null,
          null,
          null,
          null,
          null,
          null,
          null,
          null,
          null,
          null,
          null,
          null,
          null,
          null,
          null,
          null,
          null,
          null,
          null,
          null,
          null,
          null,
          null,
          null,
          null,
          null,
          null,
          null,
          null,
          null,
          null,
          null,
          null,
          null,
          null,
          null,
          null,
          null,
          null,
          null,
          1,
          null,
          null,
          null,
          null,
          null,
          null,
          null,
          null,
          null,
          null,
          null,
          null,
          null,
          null,
          null,
          null,
          null,
          null,
          null,
          null,
          null,
          null,
          null,
          null,
          null,
          null,
          null,
          null,
          null,
          null,
          null,
          null,
          null,
          null,
          null,
          null,
          null,
          null,
          1,
          null,
          null,
          1,
          null,
          null,
          null,
          null,
          null,
          null,
          null,
          null,
          null,
          null,
          null,
          null,
          null,
          null,
          null,
          null,
          null,
          null,
          null,
          null,
          null,
          null,
          null,
          null,
          null,
          null,
          null,
          null,
          null,
          null,
          null,
          null,
          null,
          null,
          null,
          1,
          1,
          null,
          null,
          null,
          null,
          null,
          null,
          null,
          1,
          1,
          1,
          null,
          null,
          1,
          null,
          null,
          null,
          1,
          null,
          null
        ]
      },
      "/Users/Shared/global_projects/web_applications/wa_avionschool/avion_codes/code_projects/projify-be/config/initializers/filter_parameter_logging.rb": {
        "lines": [
          null,
          null,
          null,
          null,
          null,
          1,
          null,
          null
        ]
      },
      "/Users/Shared/global_projects/web_applications/wa_avionschool/avion_codes/code_projects/projify-be/config/initializers/inflections.rb": {
        "lines": [
          null,
          null,
          null,
          null,
          null,
          null,
          null,
          null,
          null,
          null,
          null,
          null,
          null,
          null,
          null,
          null
        ]
      },
      "/Users/Shared/global_projects/web_applications/wa_avionschool/avion_codes/code_projects/projify-be/spec/factories/invitations.rb": {
        "lines": [
          1,
          1,
          1,
          1,
          1,
          1,
          1,
          null,
          null
        ]
      },
      "/Users/Shared/global_projects/web_applications/wa_avionschool/avion_codes/code_projects/projify-be/spec/factories/projects.rb": {
        "lines": [
          1,
          1,
          1,
          1,
          1,
          1,
          null,
          null
        ]
      },
      "/Users/Shared/global_projects/web_applications/wa_avionschool/avion_codes/code_projects/projify-be/spec/factories/task_priorities.rb": {
        "lines": [
          1,
          1,
          1,
          null,
          null
        ]
      },
      "/Users/Shared/global_projects/web_applications/wa_avionschool/avion_codes/code_projects/projify-be/spec/factories/task_statuses.rb": {
        "lines": [
          1,
          1,
          1,
          null,
          null
        ]
      },
      "/Users/Shared/global_projects/web_applications/wa_avionschool/avion_codes/code_projects/projify-be/spec/factories/tasks.rb": {
        "lines": [
          1,
          1,
          1,
          1,
          1,
          1,
          1,
          1,
          1,
          null,
          null
        ]
      },
      "/Users/Shared/global_projects/web_applications/wa_avionschool/avion_codes/code_projects/projify-be/spec/factories/user_projects.rb": {
        "lines": [
          1,
          1,
          1,
          1,
          1,
          null,
          null
        ]
      },
      "/Users/Shared/global_projects/web_applications/wa_avionschool/avion_codes/code_projects/projify-be/spec/factories/user_workspaces.rb": {
        "lines": [
          1,
          1,
          1,
          1,
          null,
          null
        ]
      },
      "/Users/Shared/global_projects/web_applications/wa_avionschool/avion_codes/code_projects/projify-be/spec/factories/users.rb": {
        "lines": [
          1,
          1,
          3,
          3,
          3,
          3,
          3,
          null,
          null
        ]
      },
      "/Users/Shared/global_projects/web_applications/wa_avionschool/avion_codes/code_projects/projify-be/spec/factories/workspaces.rb": {
        "lines": [
          1,
          1,
          1,
          null,
          null
        ]
      },
      "/Users/Shared/global_projects/web_applications/wa_avionschool/avion_codes/code_projects/projify-be/config/routes.rb": {
        "lines": [
          1,
          1,
          1,
          1,
          1,
          1,
          1,
          1,
          1,
          1,
          1,
          1,
          null,
          1,
          1,
          1,
          1,
          1,
          1,
          null,
          1,
          1,
          null,
          null,
          null,
          1,
          null,
          null,
          null,
          null,
          null,
          null,
          null,
          null,
          null
        ]
      },
      "/Users/Shared/global_projects/web_applications/wa_avionschool/avion_codes/code_projects/projify-be/app/models/user.rb": {
        "lines": [
          1,
          1,
          1,
          1,
          1,
          1,
          1,
          null,
          1,
          null,
          null,
          1,
          null,
          null,
          null,
          null,
          null,
          null,
          null,
          null,
          null,
          null,
          null,
          null,
          1,
          0,
          null,
          null,
          1,
          0,
          0,
          null,
          null
        ]
      },
      "/Users/Shared/global_projects/web_applications/wa_avionschool/avion_codes/code_projects/projify-be/app/models/application_record.rb": {
        "lines": [
          1,
          1,
          null
        ]
      },
      "/Users/Shared/global_projects/web_applications/wa_avionschool/avion_codes/code_projects/projify-be/app/mailers/auth_mailer.rb": {
        "lines": [
          1,
          1,
          0,
          0,
          null,
          null,
          null,
          1,
          0,
          0,
          null,
          null,
          null
        ]
      },
      "/Users/Shared/global_projects/web_applications/wa_avionschool/avion_codes/code_projects/projify-be/app/mailers/application_mailer.rb": {
        "lines": [
          1,
          1,
          1,
          null
        ]
      },
      "/Users/Shared/global_projects/web_applications/wa_avionschool/avion_codes/code_projects/projify-be/spec/models/invitation_spec.rb": {
        "lines": [
          1,
          null,
          1,
          null,
          null
        ]
      },
      "/Users/Shared/global_projects/web_applications/wa_avionschool/avion_codes/code_projects/projify-be/app/models/invitation.rb": {
        "lines": [
          1,
          1,
          1,
          null,
          1,
          0,
          null,
          null,
          1,
          null,
          1,
          0,
          null,
          null
        ]
      },
      "/Users/Shared/global_projects/web_applications/wa_avionschool/avion_codes/code_projects/projify-be/spec/models/project_spec.rb": {
        "lines": [
          1,
          null,
          1,
          null,
          null
        ]
      },
      "/Users/Shared/global_projects/web_applications/wa_avionschool/avion_codes/code_projects/projify-be/app/models/project.rb": {
        "lines": [
          1,
          1,
          1,
          1,
          1,
          null
        ]
      },
      "/Users/Shared/global_projects/web_applications/wa_avionschool/avion_codes/code_projects/projify-be/spec/models/task_priority_spec.rb": {
        "lines": [
          1,
          null,
          1,
          null,
          null
        ]
      },
      "/Users/Shared/global_projects/web_applications/wa_avionschool/avion_codes/code_projects/projify-be/app/models/task_priority.rb": {
        "lines": [
          1,
          null
        ]
      },
      "/Users/Shared/global_projects/web_applications/wa_avionschool/avion_codes/code_projects/projify-be/spec/models/task_spec.rb": {
        "lines": [
          1,
          null,
          1,
          null,
          null
        ]
      },
      "/Users/Shared/global_projects/web_applications/wa_avionschool/avion_codes/code_projects/projify-be/app/models/task.rb": {
        "lines": [
          1,
          1,
          1,
          1,
          1,
          null,
          null,
          null
        ]
      },
      "/Users/Shared/global_projects/web_applications/wa_avionschool/avion_codes/code_projects/projify-be/spec/models/task_status_spec.rb": {
        "lines": [
          1,
          null,
          1,
          null,
          null
        ]
      },
      "/Users/Shared/global_projects/web_applications/wa_avionschool/avion_codes/code_projects/projify-be/app/models/task_status.rb": {
        "lines": [
          1,
          null
        ]
      },
      "/Users/Shared/global_projects/web_applications/wa_avionschool/avion_codes/code_projects/projify-be/spec/models/user_project_spec.rb": {
        "lines": [
          1,
          null,
          1,
          null,
          null
        ]
      },
      "/Users/Shared/global_projects/web_applications/wa_avionschool/avion_codes/code_projects/projify-be/app/models/user_project.rb": {
        "lines": [
          1,
          1,
          1,
          null
        ]
      },
      "/Users/Shared/global_projects/web_applications/wa_avionschool/avion_codes/code_projects/projify-be/spec/models/user_spec.rb": {
        "lines": [
          1,
          null,
          1,
          1,
          null,
          null
        ]
      },
      "/Users/Shared/global_projects/web_applications/wa_avionschool/avion_codes/code_projects/projify-be/spec/models/user_workspace_spec.rb": {
        "lines": [
          1,
          null,
          1,
          null,
          null
        ]
      },
      "/Users/Shared/global_projects/web_applications/wa_avionschool/avion_codes/code_projects/projify-be/app/models/user_workspace.rb": {
        "lines": [
          1,
          1,
          1,
          null
        ]
      },
      "/Users/Shared/global_projects/web_applications/wa_avionschool/avion_codes/code_projects/projify-be/spec/models/workspace_spec.rb": {
        "lines": [
          1,
          null,
          1,
          null,
          null
        ]
      },
      "/Users/Shared/global_projects/web_applications/wa_avionschool/avion_codes/code_projects/projify-be/app/models/workspace.rb": {
        "lines": [
          1,
          1,
          1,
          1,
          1,
          1,
          1,
          null,
          null,
          null,
          null,
          null,
          null,
          null,
          null,
          null,
          null
        ]
      },
      "/Users/Shared/global_projects/web_applications/wa_avionschool/avion_codes/code_projects/projify-be/spec/requests/api/v1/invitations_spec.rb": {
        "lines": [
          1,
          null,
          1,
          1,
          null,
          null,
          null
        ]
      },
      "/Users/Shared/global_projects/web_applications/wa_avionschool/avion_codes/code_projects/projify-be/spec/requests/api/v1/projects_spec.rb": {
        "lines": [
          1,
          null,
          1,
          null,
          null,
          null,
          null,
          null,
          null,
          null,
          null,
          null,
          null,
          null,
          null,
          null,
          null,
          null,
          null,
          null,
          null,
          null,
          null,
          null,
          null,
          null,
          null,
          null,
          null,
          null,
          null,
          null,
          null,
          null,
          null,
          null,
          null,
          null,
          null
        ]
      },
      "/Users/Shared/global_projects/web_applications/wa_avionschool/avion_codes/code_projects/projify-be/spec/requests/api/v1/tasks_spec.rb": {
        "lines": [
          1,
          null,
          1,
          1,
          null,
          null,
          null
        ]
      },
      "/Users/Shared/global_projects/web_applications/wa_avionschool/avion_codes/code_projects/projify-be/spec/requests/api/v1/user_projects_spec.rb": {
        "lines": [
          1,
          null,
          1,
          1,
          null,
          null,
          null
        ]
      },
      "/Users/Shared/global_projects/web_applications/wa_avionschool/avion_codes/code_projects/projify-be/spec/requests/api/v1/users_spec.rb": {
        "lines": [
          1,
          null,
          1,
          1,
          null,
          null,
          null
        ]
      },
      "/Users/Shared/global_projects/web_applications/wa_avionschool/avion_codes/code_projects/projify-be/spec/requests/api/v1/workspaces_spec.rb": {
        "lines": [
          1,
          null,
          1,
          1,
          null,
          null,
          null
        ]
      },
      "/Users/Shared/global_projects/web_applications/wa_avionschool/avion_codes/code_projects/projify-be/spec/requests/user/registrations_spec.rb": {
        "lines": [
          1,
          null,
          1,
          null,
          1,
          1,
          null,
          null,
          null,
          null,
          null,
          null,
          1,
          null,
          null,
          1,
          1,
          null,
          null,
          null,
          null,
          null,
          null,
          1,
          null,
          null
        ]
      },
      "/Users/Shared/global_projects/web_applications/wa_avionschool/avion_codes/code_projects/projify-be/spec/requests/user/sessions_spec.rb": {
        "lines": [
          1,
          null,
          1,
          3,
          null,
          1,
          1,
          null,
          null,
          null,
          null,
          null,
          null,
          1,
          null,
          null,
          1,
          1,
          null,
          null,
          null,
          null,
          null,
          null,
          1,
          null,
          null,
          1,
          1,
          null,
          null,
          null,
          null,
          null,
          null,
          1,
          null,
          1,
          null,
          null
        ]
      },
      "/Users/Shared/global_projects/web_applications/wa_avionschool/avion_codes/code_projects/projify-be/app/controllers/users/registrations_controller.rb": {
        "lines": [
          null,
          null,
          1,
          1,
          1,
          null,
          null,
          null,
          null,
          null,
          null,
          null,
          null,
          null,
          null,
          null,
          null,
          null,
          null,
          null,
          null,
          null,
          null,
          null,
          null,
          null,
          null,
          null,
          null,
          null,
          null,
          null,
          null,
          null,
          null,
          null,
          null,
          null,
          null,
          null,
          null,
          null,
          null,
          null,
          null,
          null,
          null,
          null,
          null,
          null,
          null,
          null,
          null,
          null,
          null,
          null,
          null,
          null,
          null,
          null,
          null,
          null,
          null,
          null,
          null,
          1,
          1,
          2,
          null,
          1,
          null,
          1,
          1,
          1,
          null,
          1,
          null,
          null,
          null,
          null,
          null,
          null,
          null,
          0,
          null,
          null,
          null,
          1,
          1,
          1,
          null,
          null,
          null,
          null,
          null,
          1,
          0,
          0,
          null,
          null,
          null,
          null,
          null,
          null
        ]
      },
      "/Users/Shared/global_projects/web_applications/wa_avionschool/avion_codes/code_projects/projify-be/app/controllers/application_controller.rb": {
        "lines": [
          1,
          null,
          null,
          1,
          null,
          1,
          null,
          1,
          5,
          5,
          null,
          null,
          1,
          0,
          0,
          0,
          null,
          null,
          0,
          0,
          null,
          0,
          null,
          null,
          null,
          null,
          null,
          null
        ]
      },
      "/Users/Shared/global_projects/web_applications/wa_avionschool/avion_codes/code_projects/projify-be/app/controllers/concerns/rack_sessions_fix.rb": {
        "lines": [
          1,
          1,
          1,
          1,
          5,
          null,
          1,
          null,
          1,
          2,
          2,
          2,
          5,
          null,
          null,
          null
        ]
      },
      "/Users/Shared/global_projects/web_applications/wa_avionschool/avion_codes/code_projects/projify-be/app/serializers/user_serializer.rb": {
        "lines": [
          1,
          1,
          1,
          null
        ]
      },
      "/Users/Shared/global_projects/web_applications/wa_avionschool/avion_codes/code_projects/projify-be/app/controllers/users/sessions_controller.rb": {
        "lines": [
          null,
          null,
          1,
          1,
          1,
          null,
          1,
          1,
          2,
          2,
          null,
          2,
          0,
          0,
          null,
          null,
          2,
          null,
          null,
          null,
          null,
          null,
          null,
          null,
          null,
          null,
          null,
          1,
          1,
          0,
          0,
          null,
          null,
          1,
          1,
          1,
          null,
          null,
          null
        ]
      }
    },
    "timestamp": 1700499822
  }
}
